<?xml version="1.0" encoding="UTF-8"?>
<testsuites>
  <testsuite name="EnhancedTests" tests="40" assertions="93" errors="0" warnings="0" failures="0" skipped="0" time="0.002555">
    <testsuite name="AssetsHelperTest" file="/home/frederic/git/gvv/application/tests/helpers/AssetsHelperTest.php" tests="7" assertions="7" errors="0" warnings="0" failures="0" skipped="0" time="0.000254">
      <testcase name="testThemeFunction" class="AssetsHelperTest" classname="AssetsHelperTest" file="/home/frederic/git/gvv/application/tests/helpers/AssetsHelperTest.php" line="23" assertions="1" time="0.000095"/>
      <testcase name="testCssUrlFunction" class="AssetsHelperTest" classname="AssetsHelperTest" file="/home/frederic/git/gvv/application/tests/helpers/AssetsHelperTest.php" line="34" assertions="1" time="0.000027"/>
      <testcase name="testJsUrlFunction" class="AssetsHelperTest" classname="AssetsHelperTest" file="/home/frederic/git/gvv/application/tests/helpers/AssetsHelperTest.php" line="46" assertions="1" time="0.000029"/>
      <testcase name="testImgUrlFunction" class="AssetsHelperTest" classname="AssetsHelperTest" file="/home/frederic/git/gvv/application/tests/helpers/AssetsHelperTest.php" line="57" assertions="1" time="0.000030"/>
      <testcase name="testAssetUrlFunction" class="AssetsHelperTest" classname="AssetsHelperTest" file="/home/frederic/git/gvv/application/tests/helpers/AssetsHelperTest.php" line="71" assertions="1" time="0.000025"/>
      <testcase name="testControllerUrlFunction" class="AssetsHelperTest" classname="AssetsHelperTest" file="/home/frederic/git/gvv/application/tests/helpers/AssetsHelperTest.php" line="85" assertions="1" time="0.000025"/>
      <testcase name="testImageDirFunction" class="AssetsHelperTest" classname="AssetsHelperTest" file="/home/frederic/git/gvv/application/tests/helpers/AssetsHelperTest.php" line="99" assertions="1" time="0.000023"/>
    </testsuite>
    <testsuite name="FormElementsHelperTest" file="/home/frederic/git/gvv/application/tests/helpers/FormElementsHelperTest.php" tests="6" assertions="21" errors="0" warnings="0" failures="0" skipped="0" time="0.001308">
      <testcase name="testCheckboxArrayFunction" class="FormElementsHelperTest" classname="FormElementsHelperTest" file="/home/frederic/git/gvv/application/tests/helpers/FormElementsHelperTest.php" line="23" assertions="2" time="0.001143"/>
      <testcase name="testInputFieldFunction" class="FormElementsHelperTest" classname="FormElementsHelperTest" file="/home/frederic/git/gvv/application/tests/helpers/FormElementsHelperTest.php" line="39" assertions="3" time="0.000041"/>
      <testcase name="testDropdownFieldFunction" class="FormElementsHelperTest" classname="FormElementsHelperTest" file="/home/frederic/git/gvv/application/tests/helpers/FormElementsHelperTest.php" line="55" assertions="1" time="0.000029"/>
      <testcase name="testAddFirstRowFunction" class="FormElementsHelperTest" classname="FormElementsHelperTest" file="/home/frederic/git/gvv/application/tests/helpers/FormElementsHelperTest.php" line="71" assertions="5" time="0.000034"/>
      <testcase name="testAddFirstColFunction" class="FormElementsHelperTest" classname="FormElementsHelperTest" file="/home/frederic/git/gvv/application/tests/helpers/FormElementsHelperTest.php" line="95" assertions="4" time="0.000030"/>
      <testcase name="testCompleteTableManipulation" class="FormElementsHelperTest" classname="FormElementsHelperTest" file="/home/frederic/git/gvv/application/tests/helpers/FormElementsHelperTest.php" line="121" assertions="6" time="0.000031"/>
    </testsuite>
    <testsuite name="CsvHelperTest" file="/home/frederic/git/gvv/application/tests/helpers/CsvHelperTest.php" tests="3" assertions="13" errors="0" warnings="0" failures="0" skipped="0" time="0.000236">
      <testcase name="testCsvFileFunction" class="CsvHelperTest" classname="CsvHelperTest" file="/home/frederic/git/gvv/application/tests/helpers/CsvHelperTest.php" line="23" assertions="8" time="0.000171"/>
      <testcase name="testCsvFileWithEmptyTable" class="CsvHelperTest" classname="CsvHelperTest" file="/home/frederic/git/gvv/application/tests/helpers/CsvHelperTest.php" line="52" assertions="1" time="0.000031"/>
      <testcase name="testCsvFileWithSingleRow" class="CsvHelperTest" classname="CsvHelperTest" file="/home/frederic/git/gvv/application/tests/helpers/CsvHelperTest.php" line="68" assertions="4" time="0.000034"/>
    </testsuite>
    <testsuite name="WidgetLibraryTest" file="/home/frederic/git/gvv/application/tests/libraries/WidgetLibraryTest.php" tests="8" assertions="12" errors="0" warnings="0" failures="0" skipped="0" time="0.000174">
      <testcase name="testWidgetLibraryLoaded" class="WidgetLibraryTest" classname="WidgetLibraryTest" file="/home/frederic/git/gvv/application/tests/libraries/WidgetLibraryTest.php" line="26" assertions="2" time="0.000030"/>
      <testcase name="testWidgetDefaultAttribute" class="WidgetLibraryTest" classname="WidgetLibraryTest" file="/home/frederic/git/gvv/application/tests/libraries/WidgetLibraryTest.php" line="35" assertions="1" time="0.000021"/>
      <testcase name="testWidgetAttributeModification" class="WidgetLibraryTest" classname="WidgetLibraryTest" file="/home/frederic/git/gvv/application/tests/libraries/WidgetLibraryTest.php" line="44" assertions="1" time="0.000020"/>
      <testcase name="testWidgetDisplay" class="WidgetLibraryTest" classname="WidgetLibraryTest" file="/home/frederic/git/gvv/application/tests/libraries/WidgetLibraryTest.php" line="56" assertions="1" time="0.000021"/>
      <testcase name="testWidgetImageMethod" class="WidgetLibraryTest" classname="WidgetLibraryTest" file="/home/frederic/git/gvv/application/tests/libraries/WidgetLibraryTest.php" line="70" assertions="1" time="0.000018"/>
      <testcase name="testWidgetMultipleAttributes" class="WidgetLibraryTest" classname="WidgetLibraryTest" file="/home/frederic/git/gvv/application/tests/libraries/WidgetLibraryTest.php" line="79" assertions="3" time="0.000021"/>
      <testcase name="testWidgetNonExistentAttribute" class="WidgetLibraryTest" classname="WidgetLibraryTest" file="/home/frederic/git/gvv/application/tests/libraries/WidgetLibraryTest.php" line="95" assertions="1" time="0.000019"/>
      <testcase name="testWidgetSetGetWorkflow" class="WidgetLibraryTest" classname="WidgetLibraryTest" file="/home/frederic/git/gvv/application/tests/libraries/WidgetLibraryTest.php" line="106" assertions="2" time="0.000024"/>
    </testsuite>
    <testsuite name="ButtonLibraryTest" file="/home/frederic/git/gvv/application/tests/libraries/ButtonLibraryTest.php" tests="8" assertions="14" errors="0" warnings="0" failures="0" skipped="0" time="0.000215">
      <testcase name="testButtonLibraryLoaded" class="ButtonLibraryTest" classname="ButtonLibraryTest" file="/home/frederic/git/gvv/application/tests/libraries/ButtonLibraryTest.php" line="30" assertions="2" time="0.000033"/>
      <testcase name="testButtonDefaultAttribute" class="ButtonLibraryTest" classname="ButtonLibraryTest" file="/home/frederic/git/gvv/application/tests/libraries/ButtonLibraryTest.php" line="41" assertions="1" time="0.000025"/>
      <testcase name="testButtonAttributeModification" class="ButtonLibraryTest" classname="ButtonLibraryTest" file="/home/frederic/git/gvv/application/tests/libraries/ButtonLibraryTest.php" line="52" assertions="1" time="0.000024"/>
      <testcase name="testButtonDisplay" class="ButtonLibraryTest" classname="ButtonLibraryTest" file="/home/frederic/git/gvv/application/tests/libraries/ButtonLibraryTest.php" line="66" assertions="1" time="0.000030"/>
      <testcase name="testButtonDeleteClass" class="ButtonLibraryTest" classname="ButtonLibraryTest" file="/home/frederic/git/gvv/application/tests/libraries/ButtonLibraryTest.php" line="82" assertions="2" time="0.000028"/>
      <testcase name="testButtonEditClass" class="ButtonLibraryTest" classname="ButtonLibraryTest" file="/home/frederic/git/gvv/application/tests/libraries/ButtonLibraryTest.php" line="97" assertions="2" time="0.000026"/>
      <testcase name="testButtonWithoutAttributes" class="ButtonLibraryTest" classname="ButtonLibraryTest" file="/home/frederic/git/gvv/application/tests/libraries/ButtonLibraryTest.php" line="112" assertions="2" time="0.000024"/>
      <testcase name="testButtonInheritanceBehavior" class="ButtonLibraryTest" classname="ButtonLibraryTest" file="/home/frederic/git/gvv/application/tests/libraries/ButtonLibraryTest.php" line="128" assertions="3" time="0.000025"/>
    </testsuite>
    <testsuite name="LogLibraryTest" file="/home/frederic/git/gvv/application/tests/libraries/LogLibraryTest.php" tests="8" assertions="26" errors="0" warnings="0" failures="0" skipped="0" time="0.000367">
      <testcase name="testSystemUserInformation" class="LogLibraryTest" classname="LogLibraryTest" file="/home/frederic/git/gvv/application/tests/libraries/LogLibraryTest.php" line="29" assertions="8" time="0.000161"/>
      <testcase name="testLogDirectoryPermissions" class="LogLibraryTest" classname="LogLibraryTest" file="/home/frederic/git/gvv/application/tests/libraries/LogLibraryTest.php" line="50" assertions="2" time="0.000027"/>
      <testcase name="testGvvInfoLogging" class="LogLibraryTest" classname="LogLibraryTest" file="/home/frederic/git/gvv/application/tests/libraries/LogLibraryTest.php" line="61" assertions="2" time="0.000028"/>
      <testcase name="testGvvDebugLogging" class="LogLibraryTest" classname="LogLibraryTest" file="/home/frederic/git/gvv/application/tests/libraries/LogLibraryTest.php" line="83" assertions="2" time="0.000023"/>
      <testcase name="testGvvErrorLogging" class="LogLibraryTest" classname="LogLibraryTest" file="/home/frederic/git/gvv/application/tests/libraries/LogLibraryTest.php" line="106" assertions="2" time="0.000022"/>
      <testcase name="testLogFileMethod" class="LogLibraryTest" classname="LogLibraryTest" file="/home/frederic/git/gvv/application/tests/libraries/LogLibraryTest.php" line="128" assertions="3" time="0.000031"/>
      <testcase name="testLogFileSizeMethod" class="LogLibraryTest" classname="LogLibraryTest" file="/home/frederic/git/gvv/application/tests/libraries/LogLibraryTest.php" line="144" assertions="3" time="0.000040"/>
      <testcase name="testCountLinesMethod" class="LogLibraryTest" classname="LogLibraryTest" file="/home/frederic/git/gvv/application/tests/libraries/LogLibraryTest.php" line="155" assertions="4" time="0.000035"/>
    </testsuite>
  </testsuite>
</testsuites>
